c:\users\liza\source\repos\rbpo3\rbpo3\debug\vc142.pdb
c:\users\liza\source\repos\rbpo3\rbpo3\debug\vc142.idb
c:\users\liza\source\repos\rbpo3\rbpo3\debug\task4_part5.obj
c:\users\liza\source\repos\rbpo3\rbpo3\debug\task4_part4.obj
c:\users\liza\source\repos\rbpo3\rbpo3\debug\task4_part3.obj
c:\users\liza\source\repos\rbpo3\rbpo3\debug\task4_part2.obj
c:\users\liza\source\repos\rbpo3\rbpo3\debug\task4_part1.obj
c:\users\liza\source\repos\rbpo3\rbpo3\debug\task2.obj
c:\users\liza\source\repos\rbpo3\rbpo3\debug\main.obj
c:\users\liza\source\repos\rbpo3\rbpo3\debug\func_a.obj
c:\users\liza\source\repos\rbpo3\rbpo3\debug\func4.obj
c:\users\liza\source\repos\rbpo3\rbpo3\debug\func3.obj
c:\users\liza\source\repos\rbpo3\rbpo3\debug\func2.obj
c:\users\liza\source\repos\rbpo3\rbpo3\debug\func1.obj
c:\users\liza\source\repos\rbpo3\rbpo3\debug\lab3_iface4_part5.ixx.ifc
c:\users\liza\source\repos\rbpo3\rbpo3\debug\lab3_iface4_part5.ixx.ifc.d.json
c:\users\liza\source\repos\rbpo3\rbpo3\debug\lab3_iface4_part5.ixx.obj
c:\users\liza\source\repos\rbpo3\rbpo3\debug\lab3_iface4_part4.ixx.ifc
c:\users\liza\source\repos\rbpo3\rbpo3\debug\lab3_iface4_part4.ixx.ifc.d.json
c:\users\liza\source\repos\rbpo3\rbpo3\debug\lab3_iface4_part4.ixx.obj
c:\users\liza\source\repos\rbpo3\rbpo3\debug\lab3_iface4_part1.ixx.ifc
c:\users\liza\source\repos\rbpo3\rbpo3\debug\lab3_iface4_part1.ixx.ifc.d.json
c:\users\liza\source\repos\rbpo3\rbpo3\debug\lab3_iface4_part1.ixx.obj
c:\users\liza\source\repos\rbpo3\rbpo3\debug\lab3_iface1.ixx.ifc
c:\users\liza\source\repos\rbpo3\rbpo3\debug\lab3_iface1.ixx.ifc.d.json
c:\users\liza\source\repos\rbpo3\rbpo3\debug\lab3_iface1.ixx.obj
c:\users\liza\source\repos\rbpo3\rbpo3\debug\lab3_iface4_part2.ixx.ifc
c:\users\liza\source\repos\rbpo3\rbpo3\debug\lab3_iface4_part2.ixx.ifc.d.json
c:\users\liza\source\repos\rbpo3\rbpo3\debug\lab3_iface4_part2.ixx.obj
c:\users\liza\source\repos\rbpo3\rbpo3\debug\lab3_iface5.ixx.ifc
c:\users\liza\source\repos\rbpo3\rbpo3\debug\lab3_iface5.ixx.ifc.d.json
c:\users\liza\source\repos\rbpo3\rbpo3\debug\lab3_iface5.ixx.obj
c:\users\liza\source\repos\rbpo3\rbpo3\debug\lab3_iface2.ixx.ifc
c:\users\liza\source\repos\rbpo3\rbpo3\debug\lab3_iface2.ixx.ifc.d.json
c:\users\liza\source\repos\rbpo3\rbpo3\debug\lab3_iface2.ixx.obj
c:\users\liza\source\repos\rbpo3\rbpo3\debug\lab3_iface4_part3.ixx.ifc
c:\users\liza\source\repos\rbpo3\rbpo3\debug\lab3_iface4_part3.ixx.ifc.d.json
c:\users\liza\source\repos\rbpo3\rbpo3\debug\lab3_iface4_part3.ixx.obj
c:\users\liza\source\repos\rbpo3\rbpo3\debug\lab3_iface4.ixx.ifc
c:\users\liza\source\repos\rbpo3\rbpo3\debug\lab3_iface4.ixx.ifc.d.json
c:\users\liza\source\repos\rbpo3\rbpo3\debug\lab3_iface4.ixx.obj
c:\users\liza\source\repos\rbpo3\rbpo3\debug\lab3_iface3.ixx.ifc
c:\users\liza\source\repos\rbpo3\rbpo3\debug\lab3_iface3.ixx.ifc.d.json
c:\users\liza\source\repos\rbpo3\rbpo3\debug\lab3_iface3.ixx.obj
c:\users\liza\source\repos\rbpo3\rbpo3\debug\rbpo3.ilk
c:\users\liza\source\repos\rbpo3\debug\rbpo3.exe
c:\users\liza\source\repos\rbpo3\debug\rbpo3.pdb
c:\users\liza\source\repos\rbpo3\rbpo3\debug\lab3_iface4_part4.ixx.module.json
c:\users\liza\source\repos\rbpo3\rbpo3\debug\lab3_iface3.ixx.module.json
c:\users\liza\source\repos\rbpo3\rbpo3\debug\lab3_iface4_part5.ixx.module.json
c:\users\liza\source\repos\rbpo3\rbpo3\debug\lab3_iface4_part3.ixx.module.json
c:\users\liza\source\repos\rbpo3\rbpo3\debug\lab3_iface4.ixx.module.json
c:\users\liza\source\repos\rbpo3\rbpo3\debug\lab3_iface4_part1.ixx.module.json
c:\users\liza\source\repos\rbpo3\rbpo3\debug\lab3_iface1.ixx.module.json
c:\users\liza\source\repos\rbpo3\rbpo3\debug\lab3_iface5.ixx.module.json
c:\users\liza\source\repos\rbpo3\rbpo3\debug\lab3_iface4_part2.ixx.module.json
c:\users\liza\source\repos\rbpo3\rbpo3\debug\lab3_iface2.ixx.module.json
c:\users\liza\source\repos\rbpo3\rbpo3\debug\rbpo3.tlog\cl.command.1.tlog
c:\users\liza\source\repos\rbpo3\rbpo3\debug\rbpo3.tlog\cl.read.1.tlog
c:\users\liza\source\repos\rbpo3\rbpo3\debug\rbpo3.tlog\cl.write.1.tlog
c:\users\liza\source\repos\rbpo3\rbpo3\debug\rbpo3.tlog\link.command.1.tlog
c:\users\liza\source\repos\rbpo3\rbpo3\debug\rbpo3.tlog\link.read.1.tlog
c:\users\liza\source\repos\rbpo3\rbpo3\debug\rbpo3.tlog\link.write.1.tlog
c:\users\liza\source\repos\rbpo3\rbpo3\debug\rbpo3_md.tlog\cl.command.1.tlog
c:\users\liza\source\repos\rbpo3\rbpo3\debug\rbpo3_md.tlog\microsoft.build.cpptasks.cl.read.1.tlog
c:\users\liza\source\repos\rbpo3\rbpo3\debug\rbpo3_md.tlog\microsoft.build.cpptasks.cl.write.1.tlog
