  Проверка источников на наличие зависимостей модуля…
  Lab3_iface2.ixx
  Lab3_iface1.ixx
  Lab3_iface3.ixx
  Lab3_iface4.ixx
  Lab3_iface4_Part3.ixx
  Lab3_iface4_Part1.ixx
  Lab3_iface4_Part2.ixx
  Lab3_iface4_Part4.ixx
  Lab3_iface4_Part5.ixx
  Lab3_iface5.ixx
  Компиляция…
  Lab3_iface3.ixx
  Lab3_iface1.ixx
  Lab3_iface2.ixx
  Lab3_iface4_Part1.ixx
  Lab3_iface4_Part2.ixx
  Lab3_iface4_Part4.ixx
  Lab3_iface4_Part3.ixx
  Lab3_iface4_Part5.ixx
  Lab3_iface5.ixx
  Lab3_iface4.ixx
  func1.cpp
  func2.cpp
  func3.cpp
  func4.cpp
  func_a.cpp
  main.cpp
  Task2.cpp
  Task4_Part1.cpp
  Task4_Part2.cpp
  Task4_Part3.cpp
  Task4_Part4.cpp
  Task4_Part5.cpp
  Создание кода...
  RBPO3.vcxproj -> C:\Users\liza\source\repos\RBPO3\Debug\RBPO3.exe
